<?xml version="1.0" encoding="UTF-8"?>
<testng-results ignored="0" total="1" passed="1" failed="0" skipped="0">
  <reporter-output>
  </reporter-output>
  <suite started-at="2024-04-08T23:47:12 MSK" name="Surefire suite" finished-at="2024-04-08T23:47:12 MSK" duration-ms="74">
    <groups>
    </groups>
    <test started-at="2024-04-08T23:47:12 MSK" name="Surefire test" finished-at="2024-04-08T23:47:12 MSK" duration-ms="74">
      <class name="TestClass">
        <test-method signature="myFirstTest()[pri:0, instance:TestClass@17c386de]" started-at="2024-04-08T23:47:12 MSK" name="myFirstTest" finished-at="2024-04-08T23:47:12 MSK" duration-ms="9" status="PASS">
          <reporter-output>
          </reporter-output>
        </test-method> <!-- myFirstTest -->
      </class> <!-- TestClass -->
    </test> <!-- Surefire test -->
  </suite> <!-- Surefire suite -->
</testng-results>
